-------------------------------------------------------------------------------
Test set: com.mycompany.app.PrescriptionTest
-------------------------------------------------------------------------------
Tests run: 6, Failures: 1, Errors: 0, Skipped: 0, Time elapsed: 0.037 s <<< FAILURE! - in com.mycompany.app.PrescriptionTest
testValidPrescription  Time elapsed: 0.007 s  <<< FAILURE!
org.opentest4j.AssertionFailedError: expected: <true> but was: <false>
	at com.mycompany.app.PrescriptionTest.testValidPrescription(PrescriptionTest.java:25)

