<?xml version="1.0" encoding="UTF-8"?>
<testsuite xmlns:xsi="http://www.w3.org/2001/XMLSchema-instance" xsi:noNamespaceSchemaLocation="https://maven.apache.org/surefire/maven-surefire-plugin/xsd/surefire-test-report.xsd" name="com.mycompany.app.PrescriptionTest" time="0.037" tests="6" errors="0" skipped="0" failures="1">
  <properties>
[...]
</properties>
  <testcase name="testInvalidFirstName" classname="com.mycompany.app.PrescriptionTest" time="0.013"/>
  <testcase name="testValidPrescription" classname="com.mycompany.app.PrescriptionTest" time="0.007">
    <failure message="expected: &lt;true&gt; but was: &lt;false&gt;" type="org.opentest4j.AssertionFailedError"><![CDATA[org.opentest4j.AssertionFailedError: expected: <true> but was: <false>
	at com.mycompany.app.PrescriptionTest.testValidPrescription(PrescriptionTest.java:25)
]]></failure>
  </testcase>
  <testcase name="testInvalidRemarkLength" classname="com.mycompany.app.PrescriptionTest" time="0"/>
  <testcase name="testInvalidRemarkCase" classname="com.mycompany.app.PrescriptionTest" time="0"/>
  <testcase name="testValidRemark" classname="com.mycompany.app.PrescriptionTest" time="0.005"/>
  <testcase name="testMaxRemarksExceeded" classname="com.mycompany.app.PrescriptionTest" time="0.001"/>
</testsuite>